[debug] [2025-07-11T13:17:11.421Z] ----------------------------------------------------------------------
[debug] [2025-07-11T13:17:11.423Z] Command:       C:\Program Files\nodejs\node.exe C:\Users\Manel LAKROUZ\AppData\Roaming\npm\node_modules\firebase-tools\lib\bin\firebase.js init
[debug] [2025-07-11T13:17:11.424Z] CLI Version:   14.10.1
[debug] [2025-07-11T13:17:11.424Z] Platform:      win32
[debug] [2025-07-11T13:17:11.424Z] Node Version:  v22.17.0
[debug] [2025-07-11T13:17:11.424Z] Time:          Fri Jul 11 2025 15:17:11 GMT+0200 (heure d’été d’Europe centrale)
[debug] [2025-07-11T13:17:11.424Z] ----------------------------------------------------------------------
[debug] 
[debug] [2025-07-11T13:17:11.430Z] > command requires scopes: ["email","openid","https://www.googleapis.com/auth/cloudplatformprojects.readonly","https://www.googleapis.com/auth/firebase","https://www.googleapis.com/auth/cloud-platform"]
[debug] [2025-07-11T13:17:11.430Z] > authorizing via signed-in user (m.lakrouz@dometvie.fr)
[info] 
     ######## #### ########  ######## ########     ###     ######  ########
     ##        ##  ##     ## ##       ##     ##  ##   ##  ##       ##
     ######    ##  ########  ######   ########  #########  ######  ######
     ##        ##  ##    ##  ##       ##     ## ##     ##       ## ##
     ##       #### ##     ## ######## ########  ##     ##  ######  ########

You're about to initialize a Firebase project in this directory:

  C:\Users\Manel LAKROUZ\Documents\Quizz

[info] 
=== Project Setup
[info] 
[info] First, let's associate this project directory with a Firebase project.
[info] You can create multiple project aliases by running firebase use --add, 
[info] but for now we'll just set up a default project.
[info] 
[info] i  If you want to create a project in a Google Cloud organization or folder, please use "firebase projects:create" instead, and return to this command when you've created the project. 
